2017-04-26 16:29:48,242 INFO  [org.jboss.modules] (main) JBoss Modules version 1.5.2.Final
2017-04-26 16:29:49,208 INFO  [org.jboss.msc] (main) JBoss MSC version 1.2.6.Final
2017-04-26 16:29:49,291 INFO  [org.jboss.as] (MSC service thread 1-7) WFLYSRV0049: WildFly Full 10.1.0.Final (WildFly Core 2.2.0.Final) starting
2017-04-26 16:29:49,293 DEBUG [org.jboss.as.config] (MSC service thread 1-7) Configured system properties:
	[Standalone] = 
	awt.toolkit = sun.awt.windows.WToolkit
	file.encoding = Cp1252
	file.encoding.pkg = sun.io
	file.separator = \
	java.awt.graphicsenv = sun.awt.Win32GraphicsEnvironment
	java.awt.printerjob = sun.awt.windows.WPrinterJob
	java.class.path = C:\Users\Karar\Documents\GitHub\CI346-Semester-2\target\wildfly-run\wildfly-10.1.0.Final\jboss-modules.jar
	java.class.version = 52.0
	java.endorsed.dirs = C:\Program Files\Java\jdk1.8.0_101\jre\lib\endorsed
	java.ext.dirs = C:\Program Files\Java\jdk1.8.0_101\jre\lib\ext;C:\WINDOWS\Sun\Java\lib\ext
	java.home = C:\Program Files\Java\jdk1.8.0_101\jre
	java.io.tmpdir = C:\Users\Karar\AppData\Local\Temp\
	java.library.path = C:\Program Files\Java\jdk1.8.0_101\jre\bin;C:\WINDOWS\Sun\Java\bin;C:\WINDOWS\system32;C:\WINDOWS;C:\ProgramData\Oracle\Java\javapath;C:\OpenSG\bin\rel;C:\OpenSG\bin\debug;C:\OpenSG.Support\bin;C:\Program Files\Intel\WiFi\bin\;C:\Program Files\Common Files\Intel\WirelessCommon\;"C:\Program Files\apache-maven-3.3.9\bin";C:\Program Files (x86)\GtkSharp\2.12\bin;C:\Program Files\nodejs\;C:\Users\Karar\AppData\Local\Microsoft\WindowsApps;C:\Program Files (x86)\OpenSG\lib;C:\Program Files\apache-maven-3.3.9\bin;C:\Users\Karar\AppData\Roaming\npm;.
	java.runtime.name = Java(TM) SE Runtime Environment
	java.runtime.version = 1.8.0_101-b13
	java.specification.name = Java Platform API Specification
	java.specification.vendor = Oracle Corporation
	java.specification.version = 1.8
	java.util.logging.manager = org.jboss.logmanager.LogManager
	java.vendor = Oracle Corporation
	java.vendor.url = http://java.oracle.com/
	java.vendor.url.bug = http://bugreport.sun.com/bugreport/
	java.version = 1.8.0_101
	java.vm.info = mixed mode
	java.vm.name = Java HotSpot(TM) 64-Bit Server VM
	java.vm.specification.name = Java Virtual Machine Specification
	java.vm.specification.vendor = Oracle Corporation
	java.vm.specification.version = 1.8
	java.vm.vendor = Oracle Corporation
	java.vm.version = 25.101-b13
	javax.management.builder.initial = org.jboss.as.jmx.PluggableMBeanServerBuilder
	javax.xml.datatype.DatatypeFactory = __redirected.__DatatypeFactory
	javax.xml.parsers.DocumentBuilderFactory = __redirected.__DocumentBuilderFactory
	javax.xml.parsers.SAXParserFactory = __redirected.__SAXParserFactory
	javax.xml.stream.XMLEventFactory = __redirected.__XMLEventFactory
	javax.xml.stream.XMLInputFactory = __redirected.__XMLInputFactory
	javax.xml.stream.XMLOutputFactory = __redirected.__XMLOutputFactory
	javax.xml.transform.TransformerFactory = __redirected.__TransformerFactory
	javax.xml.validation.SchemaFactory:http://www.w3.org/2001/XMLSchema = __redirected.__SchemaFactory
	javax.xml.xpath.XPathFactory:http://java.sun.com/jaxp/xpath/dom = __redirected.__XPathFactory
	jboss.home.dir = C:\Users\Karar\Documents\GitHub\CI346-Semester-2\target\wildfly-run\wildfly-10.1.0.Final
	jboss.host.name = hussein
	jboss.modules.dir = C:\Users\Karar\Documents\GitHub\CI346-Semester-2\target\wildfly-run\wildfly-10.1.0.Final\modules
	jboss.node.name = hussein
	jboss.qualified.host.name = hussein
	jboss.server.base.dir = C:\Users\Karar\Documents\GitHub\CI346-Semester-2\target\wildfly-run\wildfly-10.1.0.Final\standalone
	jboss.server.config.dir = C:\Users\Karar\Documents\GitHub\CI346-Semester-2\target\wildfly-run\wildfly-10.1.0.Final\standalone\configuration
	jboss.server.data.dir = C:\Users\Karar\Documents\GitHub\CI346-Semester-2\target\wildfly-run\wildfly-10.1.0.Final\standalone\data
	jboss.server.deploy.dir = C:\Users\Karar\Documents\GitHub\CI346-Semester-2\target\wildfly-run\wildfly-10.1.0.Final\standalone\data\content
	jboss.server.log.dir = C:\Users\Karar\Documents\GitHub\CI346-Semester-2\target\wildfly-run\wildfly-10.1.0.Final\standalone\log
	jboss.server.name = hussein
	jboss.server.persist.config = true
	jboss.server.temp.dir = C:\Users\Karar\Documents\GitHub\CI346-Semester-2\target\wildfly-run\wildfly-10.1.0.Final\standalone\tmp
	line.separator = 

	logging.configuration = file:C:\Users\Karar\Documents\GitHub\CI346-Semester-2\target\wildfly-run\wildfly-10.1.0.Final\standalone\configuration\logging.properties
	module.path = C:\Users\Karar\Documents\GitHub\CI346-Semester-2\target\wildfly-run\wildfly-10.1.0.Final\modules
	org.jboss.boot.log.file = C:\Users\Karar\Documents\GitHub\CI346-Semester-2\target\wildfly-run\wildfly-10.1.0.Final\standalone\log\server.log
	org.jboss.resolver.warning = true
	org.xml.sax.driver = __redirected.__XMLReaderFactory
	os.arch = amd64
	os.name = Windows 10
	os.version = 10.0
	path.separator = ;
	sun.arch.data.model = 64
	sun.boot.class.path = C:\Program Files\Java\jdk1.8.0_101\jre\lib\resources.jar;C:\Program Files\Java\jdk1.8.0_101\jre\lib\rt.jar;C:\Program Files\Java\jdk1.8.0_101\jre\lib\sunrsasign.jar;C:\Program Files\Java\jdk1.8.0_101\jre\lib\jsse.jar;C:\Program Files\Java\jdk1.8.0_101\jre\lib\jce.jar;C:\Program Files\Java\jdk1.8.0_101\jre\lib\charsets.jar;C:\Program Files\Java\jdk1.8.0_101\jre\lib\jfr.jar;C:\Program Files\Java\jdk1.8.0_101\jre\classes
	sun.boot.library.path = C:\Program Files\Java\jdk1.8.0_101\jre\bin
	sun.cpu.endian = little
	sun.cpu.isalist = amd64
	sun.desktop = windows
	sun.io.unicode.encoding = UnicodeLittle
	sun.java.command = C:\Users\Karar\Documents\GitHub\CI346-Semester-2\target\wildfly-run\wildfly-10.1.0.Final\jboss-modules.jar -mp C:\Users\Karar\Documents\GitHub\CI346-Semester-2\target\wildfly-run\wildfly-10.1.0.Final\modules org.jboss.as.standalone -Djboss.home.dir=C:\Users\Karar\Documents\GitHub\CI346-Semester-2\target\wildfly-run\wildfly-10.1.0.Final -Djboss.server.base.dir=C:\Users\Karar\Documents\GitHub\CI346-Semester-2\target\wildfly-run\wildfly-10.1.0.Final\standalone -Djboss.server.log.dir=C:\Users\Karar\Documents\GitHub\CI346-Semester-2\target\wildfly-run\wildfly-10.1.0.Final\standalone\log -Djboss.server.config.dir=C:\Users\Karar\Documents\GitHub\CI346-Semester-2\target\wildfly-run\wildfly-10.1.0.Final\standalone\configuration
	sun.java.launcher = SUN_STANDARD
	sun.jnu.encoding = Cp1252
	sun.management.compiler = HotSpot 64-Bit Tiered Compilers
	sun.os.patch.level = 
	sun.stderr.encoding = cp850
	sun.stdout.encoding = cp850
	user.country = GB
	user.dir = C:\Users\Karar\Documents\GitHub\CI346-Semester-2
	user.home = C:\Users\Karar
	user.language = en
	user.name = Hussein
	user.script = 
	user.timezone = Europe/London
	user.variant = 
2017-04-26 16:29:49,295 DEBUG [org.jboss.as.config] (MSC service thread 1-7) VM Arguments: -D[Standalone] -Dorg.jboss.boot.log.file=C:\Users\Karar\Documents\GitHub\CI346-Semester-2\target\wildfly-run\wildfly-10.1.0.Final\standalone\log\server.log -Dlogging.configuration=file:C:\Users\Karar\Documents\GitHub\CI346-Semester-2\target\wildfly-run\wildfly-10.1.0.Final\standalone\configuration\logging.properties 
2017-04-26 16:29:53,521 INFO  [org.jboss.as.server] (Controller Boot Thread) WFLYSRV0039: Creating http management service using socket-binding (management-http)
2017-04-26 16:29:53,557 INFO  [org.xnio] (MSC service thread 1-7) XNIO version 3.4.0.Final
2017-04-26 16:29:53,567 INFO  [org.xnio.nio] (MSC service thread 1-7) XNIO NIO Implementation Version 3.4.0.Final
2017-04-26 16:29:53,643 WARN  [org.jboss.as.txn] (ServerService Thread Pool -- 54) WFLYTX0013: Node identifier property is set to the default value. Please make sure it is unique.
2017-04-26 16:29:53,651 INFO  [org.jboss.as.naming] (ServerService Thread Pool -- 46) WFLYNAM0001: Activating Naming Subsystem
2017-04-26 16:29:53,668 INFO  [org.jboss.as.security] (ServerService Thread Pool -- 53) WFLYSEC0002: Activating Security Subsystem
2017-04-26 16:29:53,671 INFO  [org.jboss.as.clustering.infinispan] (ServerService Thread Pool -- 38) WFLYCLINF0001: Activating Infinispan subsystem.
2017-04-26 16:29:53,675 INFO  [org.jboss.as.webservices] (ServerService Thread Pool -- 56) WFLYWS0002: Activating WebServices Extension
2017-04-26 16:29:53,695 INFO  [org.jboss.as.security] (MSC service thread 1-8) WFLYSEC0001: Current PicketBox version=4.9.6.Final
2017-04-26 16:29:53,727 INFO  [org.jboss.as.jsf] (ServerService Thread Pool -- 44) WFLYJSF0007: Activated the following JSF Implementations: [main]
2017-04-26 16:29:53,750 INFO  [org.wildfly.extension.io] (ServerService Thread Pool -- 37) WFLYIO001: Worker 'default' has auto-configured to 8 core threads with 64 task threads based on your 4 available processors
2017-04-26 16:29:53,784 INFO  [org.jboss.as.connector] (MSC service thread 1-4) WFLYJCA0009: Starting JCA Subsystem (WildFly/IronJacamar 1.3.4.Final)
2017-04-26 16:29:54,006 INFO  [org.jboss.remoting] (MSC service thread 1-7) JBoss Remoting version 4.0.21.Final
2017-04-26 16:29:54,021 INFO  [org.wildfly.extension.undertow] (MSC service thread 1-1) WFLYUT0003: Undertow 1.4.0.Final starting
2017-04-26 16:29:54,146 INFO  [org.jboss.as.connector.subsystems.datasources] (ServerService Thread Pool -- 33) WFLYJCA0004: Deploying JDBC-compliant driver class org.h2.Driver (version 1.3)
2017-04-26 16:29:54,170 INFO  [org.jboss.as.connector.deployers.jdbc] (MSC service thread 1-6) WFLYJCA0018: Started Driver service with driver-name = h2
2017-04-26 16:29:54,255 INFO  [org.jboss.as.naming] (MSC service thread 1-6) WFLYNAM0003: Starting Naming Service
2017-04-26 16:29:54,265 INFO  [org.jboss.as.mail.extension] (MSC service thread 1-7) WFLYMAIL0001: Bound mail session [java:jboss/mail/Default]
2017-04-26 16:29:54,420 INFO  [org.wildfly.extension.undertow] (ServerService Thread Pool -- 55) WFLYUT0014: Creating file handler for path 'C:\Users\Karar\Documents\GitHub\CI346-Semester-2\target\wildfly-run\wildfly-10.1.0.Final/welcome-content' with options [directory-listing: 'false', follow-symlink: 'false', case-sensitive: 'true', safe-symlink-paths: '[]']
2017-04-26 16:29:54,465 INFO  [org.wildfly.extension.undertow] (MSC service thread 1-5) WFLYUT0012: Started server default-server.
2017-04-26 16:29:54,504 INFO  [org.wildfly.extension.undertow] (MSC service thread 1-7) WFLYUT0018: Host default-host starting
2017-04-26 16:29:54,655 INFO  [org.jboss.as.ejb3] (MSC service thread 1-7) WFLYEJB0482: Strict pool mdb-strict-max-pool is using a max instance size of 16 (per class), which is derived from the number of CPUs on this host.
2017-04-26 16:29:54,661 INFO  [org.jboss.as.ejb3] (MSC service thread 1-3) WFLYEJB0481: Strict pool slsb-strict-max-pool is using a max instance size of 64 (per class), which is derived from thread worker pool sizing.
2017-04-26 16:29:54,712 INFO  [org.wildfly.extension.undertow] (MSC service thread 1-5) WFLYUT0006: Undertow HTTP listener default listening on 127.0.0.1:8080
2017-04-26 16:29:54,909 INFO  [org.jboss.as.connector.subsystems.datasources] (MSC service thread 1-3) WFLYJCA0001: Bound data source [java:jboss/datasources/ExampleDS]
2017-04-26 16:29:55,134 WARN  [org.jboss.as.domain.management.security] (MSC service thread 1-2) WFLYDM0111: Keystore C:\Users\Karar\Documents\GitHub\CI346-Semester-2\target\wildfly-run\wildfly-10.1.0.Final\standalone\configuration\application.keystore not found, it will be auto generated on first use with a self signed certificate for host localhost
2017-04-26 16:29:55,176 INFO  [org.jboss.as.server.deployment.scanner] (MSC service thread 1-1) WFLYDS0013: Started FileSystemDeploymentService for directory C:\Users\Karar\Documents\GitHub\CI346-Semester-2\target\wildfly-run\wildfly-10.1.0.Final\standalone\deployments
2017-04-26 16:29:55,492 INFO  [org.infinispan.factories.GlobalComponentRegistry] (MSC service thread 1-3) ISPN000128: Infinispan version: Infinispan 'Chakra' 8.2.4.Final
2017-04-26 16:29:55,512 INFO  [org.wildfly.extension.undertow] (MSC service thread 1-2) WFLYUT0006: Undertow HTTPS listener https listening on 127.0.0.1:8443
2017-04-26 16:29:55,586 INFO  [org.infinispan.configuration.cache.EvictionConfigurationBuilder] (ServerService Thread Pool -- 65) ISPN000152: Passivation configured without an eviction policy being selected. Only manually evicted entities will be passivated.
2017-04-26 16:29:55,595 INFO  [org.infinispan.configuration.cache.EvictionConfigurationBuilder] (ServerService Thread Pool -- 64) ISPN000152: Passivation configured without an eviction policy being selected. Only manually evicted entities will be passivated.
2017-04-26 16:29:55,598 INFO  [org.infinispan.configuration.cache.EvictionConfigurationBuilder] (ServerService Thread Pool -- 62) ISPN000152: Passivation configured without an eviction policy being selected. Only manually evicted entities will be passivated.
2017-04-26 16:29:55,621 INFO  [org.infinispan.configuration.cache.EvictionConfigurationBuilder] (ServerService Thread Pool -- 65) ISPN000152: Passivation configured without an eviction policy being selected. Only manually evicted entities will be passivated.
2017-04-26 16:29:55,639 INFO  [org.infinispan.configuration.cache.EvictionConfigurationBuilder] (ServerService Thread Pool -- 62) ISPN000152: Passivation configured without an eviction policy being selected. Only manually evicted entities will be passivated.
2017-04-26 16:29:55,664 INFO  [org.infinispan.configuration.cache.EvictionConfigurationBuilder] (ServerService Thread Pool -- 64) ISPN000152: Passivation configured without an eviction policy being selected. Only manually evicted entities will be passivated.
2017-04-26 16:29:56,287 INFO  [org.jboss.ws.common.management] (MSC service thread 1-2) JBWS022052: Starting JBossWS 5.1.5.Final (Apache CXF 3.1.6) 
2017-04-26 16:29:56,473 INFO  [org.jboss.as] (Controller Boot Thread) WFLYSRV0060: Http management interface listening on http://127.0.0.1:9990/management
2017-04-26 16:29:56,481 INFO  [org.jboss.as] (Controller Boot Thread) WFLYSRV0051: Admin console listening on http://127.0.0.1:9990
2017-04-26 16:29:56,484 INFO  [org.jboss.as] (Controller Boot Thread) WFLYSRV0025: WildFly Full 10.1.0.Final (WildFly Core 2.2.0.Final) started in 9177ms - Started 331 of 577 services (393 services are lazy, passive or on-demand)
2017-04-26 16:29:57,184 INFO  [org.jboss.as.repository] (management-handler-thread - 3) WFLYDR0001: Content added at location C:\Users\Karar\Documents\GitHub\CI346-Semester-2\target\wildfly-run\wildfly-10.1.0.Final\standalone\data\content\7e\e0fd3d1899525a0ae91db21cf2cc321584464c\content
2017-04-26 16:29:57,222 INFO  [org.jboss.as.server.deployment] (MSC service thread 1-4) WFLYSRV0027: Starting deployment of "CI346-1.war" (runtime-name: "CI346-1.war")
2017-04-26 16:30:45,149 WARN  [org.jboss.as.ee] (MSC service thread 1-3) WFLYEE0007: Not installing optional component org.springframework.http.server.ServletServerHttpAsyncRequestControl due to an exception (enable DEBUG log level to see the cause)
2017-04-26 16:30:45,154 WARN  [org.jboss.as.ee] (MSC service thread 1-3) WFLYEE0007: Not installing optional component org.springframework.web.context.request.async.StandardServletAsyncWebRequest due to an exception (enable DEBUG log level to see the cause)
2017-04-26 16:30:45,541 INFO  [io.undertow.servlet] (ServerService Thread Pool -- 71) 2 Spring WebApplicationInitializers detected on classpath
2017-04-26 16:30:46,045 INFO  [stdout] (ServerService Thread Pool -- 71) 
2017-04-26 16:30:46,049 INFO  [stdout] (ServerService Thread Pool -- 71)   .   ____          _            __ _ _
2017-04-26 16:30:46,051 INFO  [stdout] (ServerService Thread Pool -- 71)  /\\ / ___'_ __ _ _(_)_ __  __ _ \ \ \ \
2017-04-26 16:30:46,052 INFO  [stdout] (ServerService Thread Pool -- 71) ( ( )\___ | '_ | '_| | '_ \/ _` | \ \ \ \
2017-04-26 16:30:46,052 INFO  [stdout] (ServerService Thread Pool -- 71)  \\/  ___)| |_)| | | | | || (_| |  ) ) ) )
2017-04-26 16:30:46,054 INFO  [stdout] (ServerService Thread Pool -- 71)   '  |____| .__|_| |_|_| |_\__, | / / / /
2017-04-26 16:30:46,055 INFO  [stdout] (ServerService Thread Pool -- 71)  =========|_|==============|___/=/_/_/_/
2017-04-26 16:30:46,058 INFO  [stdout] (ServerService Thread Pool -- 71)  :: Spring Boot ::        (v1.5.1.RELEASE)
2017-04-26 16:30:46,060 INFO  [stdout] (ServerService Thread Pool -- 71) 
2017-04-26 16:30:46,150 INFO  [com.hussein.ci346.ServletInitializer] (ServerService Thread Pool -- 71) Starting ServletInitializer on Hussein with PID 7476 (started by Hussein in C:\Users\Karar\Documents\GitHub\CI346-Semester-2)
2017-04-26 16:30:46,154 INFO  [com.hussein.ci346.ServletInitializer] (ServerService Thread Pool -- 71) No active profile set, falling back to default profiles: default
2017-04-26 16:30:46,221 INFO  [org.springframework.boot.context.embedded.AnnotationConfigEmbeddedWebApplicationContext] (ServerService Thread Pool -- 71) Refreshing org.springframework.boot.context.embedded.AnnotationConfigEmbeddedWebApplicationContext@520f47b9: startup date [Wed Apr 26 16:30:46 BST 2017]; root of context hierarchy
2017-04-26 16:30:47,001 INFO  [org.springframework.beans.factory.annotation.AutowiredAnnotationBeanPostProcessor] (ServerService Thread Pool -- 71) JSR-330 'javax.inject.Inject' annotation found and supported for autowiring
2017-04-26 16:30:47,045 INFO  [org.springframework.context.support.PostProcessorRegistrationDelegate$BeanPostProcessorChecker] (ServerService Thread Pool -- 71) Bean 'org.springframework.boot.autoconfigure.validation.ValidationAutoConfiguration' of type [class org.springframework.boot.autoconfigure.validation.ValidationAutoConfiguration] is not eligible for getting processed by all BeanPostProcessors (for example: not eligible for auto-proxying)
2017-04-26 16:30:47,131 INFO  [org.springframework.context.support.PostProcessorRegistrationDelegate$BeanPostProcessorChecker] (ServerService Thread Pool -- 71) Bean 'validator' of type [class org.springframework.validation.beanvalidation.LocalValidatorFactoryBean] is not eligible for getting processed by all BeanPostProcessors (for example: not eligible for auto-proxying)
2017-04-26 16:30:47,171 INFO  [io.undertow.servlet] (ServerService Thread Pool -- 71) Initializing Spring embedded WebApplicationContext
2017-04-26 16:30:47,175 INFO  [org.springframework.web.context.ContextLoader] (ServerService Thread Pool -- 71) Root WebApplicationContext: initialization completed in 953 ms
2017-04-26 16:30:47,652 INFO  [org.springframework.boot.web.servlet.ServletRegistrationBean] (ServerService Thread Pool -- 71) Mapping servlet: 'dispatcherServlet' to [/]
2017-04-26 16:30:47,656 INFO  [org.springframework.boot.web.servlet.FilterRegistrationBean] (ServerService Thread Pool -- 71) Mapping filter: 'errorPageFilter' to: [/*]
2017-04-26 16:30:47,658 INFO  [org.springframework.boot.web.servlet.FilterRegistrationBean] (ServerService Thread Pool -- 71) Mapping filter: 'characterEncodingFilter' to: [/*]
2017-04-26 16:30:47,659 INFO  [org.springframework.boot.web.servlet.FilterRegistrationBean] (ServerService Thread Pool -- 71) Mapping filter: 'hiddenHttpMethodFilter' to: [/*]
2017-04-26 16:30:47,659 INFO  [org.springframework.boot.web.servlet.FilterRegistrationBean] (ServerService Thread Pool -- 71) Mapping filter: 'httpPutFormContentFilter' to: [/*]
2017-04-26 16:30:47,660 INFO  [org.springframework.boot.web.servlet.FilterRegistrationBean] (ServerService Thread Pool -- 71) Mapping filter: 'requestContextFilter' to: [/*]
2017-04-26 16:30:48,048 INFO  [org.springframework.web.servlet.mvc.method.annotation.RequestMappingHandlerAdapter] (ServerService Thread Pool -- 71) Looking for @ControllerAdvice: org.springframework.boot.context.embedded.AnnotationConfigEmbeddedWebApplicationContext@520f47b9: startup date [Wed Apr 26 16:30:46 BST 2017]; root of context hierarchy
2017-04-26 16:30:48,127 INFO  [org.springframework.web.servlet.mvc.method.annotation.RequestMappingHandlerMapping] (ServerService Thread Pool -- 71) Mapped "{[/api]}" onto public java.lang.String com.hussein.ci346.BackEnd.Index()
2017-04-26 16:30:48,139 INFO  [org.springframework.web.servlet.mvc.method.annotation.RequestMappingHandlerMapping] (ServerService Thread Pool -- 71) Mapped "{[/error]}" onto public org.springframework.http.ResponseEntity<java.util.Map<java.lang.String, java.lang.Object>> org.springframework.boot.autoconfigure.web.BasicErrorController.error(javax.servlet.http.HttpServletRequest)
2017-04-26 16:30:48,140 INFO  [org.springframework.web.servlet.mvc.method.annotation.RequestMappingHandlerMapping] (ServerService Thread Pool -- 71) Mapped "{[/error],produces=[text/html]}" onto public org.springframework.web.servlet.ModelAndView org.springframework.boot.autoconfigure.web.BasicErrorController.errorHtml(javax.servlet.http.HttpServletRequest,javax.servlet.http.HttpServletResponse)
2017-04-26 16:30:48,194 INFO  [org.springframework.web.servlet.handler.SimpleUrlHandlerMapping] (ServerService Thread Pool -- 71) Mapped URL path [/webjars/**] onto handler of type [class org.springframework.web.servlet.resource.ResourceHttpRequestHandler]
2017-04-26 16:30:48,198 INFO  [org.springframework.web.servlet.handler.SimpleUrlHandlerMapping] (ServerService Thread Pool -- 71) Mapped URL path [/**] onto handler of type [class org.springframework.web.servlet.resource.ResourceHttpRequestHandler]
2017-04-26 16:30:48,252 INFO  [org.springframework.web.servlet.handler.SimpleUrlHandlerMapping] (ServerService Thread Pool -- 71) Mapped URL path [/**/favicon.ico] onto handler of type [class org.springframework.web.servlet.resource.ResourceHttpRequestHandler]
2017-04-26 16:30:48,552 INFO  [org.springframework.jmx.export.annotation.AnnotationMBeanExporter] (ServerService Thread Pool -- 71) Registering beans for JMX exposure on startup
2017-04-26 16:30:48,577 INFO  [com.hussein.ci346.ServletInitializer] (ServerService Thread Pool -- 71) Started ServletInitializer in 2.935 seconds (JVM running for 61.366)
2017-04-26 16:30:48,665 INFO  [javax.enterprise.resource.webcontainer.jsf.config] (ServerService Thread Pool -- 71) Initializing Mojarra 2.2.13.SP1 20160303-1204 for context '/CI346-1'
2017-04-26 16:30:50,602 INFO  [org.wildfly.extension.undertow] (ServerService Thread Pool -- 71) WFLYUT0021: Registered web context: /CI346-1
2017-04-26 16:30:50,710 INFO  [org.jboss.as.server] (management-handler-thread - 3) WFLYSRV0010: Deployed "CI346-1.war" (runtime-name : "CI346-1.war")
2017-04-26 16:31:17,761 INFO  [io.undertow.servlet] (default task-1) Initializing Spring FrameworkServlet 'dispatcherServlet'
2017-04-26 16:31:17,762 INFO  [org.springframework.web.servlet.DispatcherServlet] (default task-1) FrameworkServlet 'dispatcherServlet': initialization started
2017-04-26 16:31:17,784 INFO  [org.springframework.web.servlet.DispatcherServlet] (default task-1) FrameworkServlet 'dispatcherServlet': initialization completed in 20 ms
